[debug] [2025-03-07T14:22:20.084Z] ----------------------------------------------------------------------
[debug] [2025-03-07T14:22:20.088Z] Command:       /nix/store/ixbb20farqh1f4fqbmsn6b1ixn8mc8ij-nodejs-20.18.1/bin/node /home/user/.global_modules/bin/firebase init hosting
[debug] [2025-03-07T14:22:20.088Z] CLI Version:   13.33.0
[debug] [2025-03-07T14:22:20.089Z] Platform:      linux
[debug] [2025-03-07T14:22:20.089Z] Node Version:  v20.18.1
[debug] [2025-03-07T14:22:20.089Z] Time:          Fri Mar 07 2025 14:22:20 GMT+0000 (Coordinated Universal Time)
[debug] [2025-03-07T14:22:20.090Z] ----------------------------------------------------------------------
[debug] 
[debug] [2025-03-07T14:22:20.099Z] > command requires scopes: ["email","openid","https://www.googleapis.com/auth/cloudplatformprojects.readonly","https://www.googleapis.com/auth/firebase","https://www.googleapis.com/auth/cloud-platform"]
[debug] [2025-03-07T14:22:20.099Z] > authorizing via signed-in user (sandeshbansode9594@gmail.com)
[info] 
     ######## #### ########  ######## ########     ###     ######  ########
     ##        ##  ##     ## ##       ##     ##  ##   ##  ##       ##
     ######    ##  ########  ######   ########  #########  ######  ######
     ##        ##  ##    ##  ##       ##     ## ##     ##       ## ##
     ##       #### ##     ## ######## ########  ##     ##  ######  ########

You're about to initialize a Firebase project in this directory:

  /home/user/FINGEN-AI

[info] 
=== Project Setup
[info] 
[info] First, let's associate this project directory with a Firebase project.
[info] You can create multiple project aliases by running firebase use --add, 
[info] but for now we'll just set up a default project.
[info] 
[debug] [2025-03-07T14:22:21.811Z] Checked if tokens are valid: true, expires at: 1741358430082
[debug] [2025-03-07T14:22:21.811Z] Checked if tokens are valid: true, expires at: 1741358430082
[debug] [2025-03-07T14:22:21.815Z] >>> [apiv2][query] GET https://firebase.googleapis.com/v1beta1/projects pageSize=100
[debug] [2025-03-07T14:22:22.534Z] <<< [apiv2][status] GET https://firebase.googleapis.com/v1beta1/projects 200
[debug] [2025-03-07T14:22:22.535Z] <<< [apiv2][body] GET https://firebase.googleapis.com/v1beta1/projects [omitted]
[info] i  Using project fingen-ai-sans (FINGEN-AI) 
[info] 
=== Hosting Setup
[debug] [2025-03-07T14:22:24.110Z] Checked if tokens are valid: true, expires at: 1741358430082
[debug] [2025-03-07T14:22:24.111Z] Checked if tokens are valid: true, expires at: 1741358430082
[debug] [2025-03-07T14:22:24.112Z] >>> [apiv2][query] GET https://firebase.googleapis.com/v1beta1/projects/fingen-ai-sans [none]
[debug] [2025-03-07T14:22:24.359Z] <<< [apiv2][status] GET https://firebase.googleapis.com/v1beta1/projects/fingen-ai-sans 200
[debug] [2025-03-07T14:22:24.359Z] <<< [apiv2][body] GET https://firebase.googleapis.com/v1beta1/projects/fingen-ai-sans {"projectId":"fingen-ai-sans","projectNumber":"821442258979","displayName":"FINGEN-AI","name":"projects/fingen-ai-sans","resources":{"hostingSite":"fingen-ai-sans"},"state":"ACTIVE","etag":"1_88b8bd02-5cfb-402c-b68c-8b60d8004410"}
[info] 
[info] Your public directory is the folder (relative to your project directory) that
[info] will contain Hosting assets to be uploaded with firebase deploy. If you
[info] have a build process for your assets, use your build's output directory.
[info] 
[debug] [2025-03-07T14:22:40.897Z] >>> [apiv2][query] GET https://www.gstatic.com/firebasejs/releases.json [none]
[debug] [2025-03-07T14:22:40.927Z] <<< [apiv2][status] GET https://www.gstatic.com/firebasejs/releases.json 200
[debug] [2025-03-07T14:22:40.927Z] <<< [apiv2][body] GET https://www.gstatic.com/firebasejs/releases.json {"current":{"version":"11.4.0","browserURL":"https://www.gstatic.com/firebasejs/11.4.0/firebase.js","packageURL":"https://www.gstatic.com/firebasejs/11.4.0/firebase.tgz"},"live":{"version":"11.4","browserURL":"https://www.gstatic.com/firebasejs/live/11.4/firebase.js","packageURL":"https://www.gstatic.com/firebasejs/live/11.4/firebase.tgz"},"components":{"analytics":"https://www.gstatic.com/firebasejs/11.4.0/firebase-analytics.js","app":"https://www.gstatic.com/firebasejs/11.4.0/firebase-app.js","app-check":"https://www.gstatic.com/firebasejs/11.4.0/firebase-app-check.js","auth":"https://www.gstatic.com/firebasejs/11.4.0/firebase-auth.js","auth/cordova":"https://www.gstatic.com/firebasejs/11.4.0/firebase-auth/cordova.js","auth/web-extension":"https://www.gstatic.com/firebasejs/11.4.0/firebase-auth/web-extension.js","functions":"https://www.gstatic.com/firebasejs/11.4.0/firebase-functions.js","firestore":"https://www.gstatic.com/firebasejs/11.4.0/firebase-firestore.js","firestore/lite":"https://www.gstatic.com/firebasejs/11.4.0/firebase-firestore/lite.js","installations":"https://www.gstatic.com/firebasejs/11.4.0/firebase-installations.js","storage":"https://www.gstatic.com/firebasejs/11.4.0/firebase-storage.js","performance":"https://www.gstatic.com/firebasejs/11.4.0/firebase-performance.js","remote-config":"https://www.gstatic.com/firebasejs/11.4.0/firebase-remote-config.js","messaging":"https://www.gstatic.com/firebasejs/11.4.0/firebase-messaging.js","messaging/sw":"https://www.gstatic.com/firebasejs/11.4.0/firebase-messaging/sw.js","database":"https://www.gstatic.com/firebasejs/11.4.0/firebase-database.js","vertexai":"https://www.gstatic.com/firebasejs/11.4.0/firebase-vertexai.js","data-connect":"https://www.gstatic.com/firebasejs/11.4.0/firebase-data-connect.js","firestore.memory":"https://www.gstatic.com/firebasejs/11.4.0/firebase-firestore.memory.js"}}
[info] i  build/index.html is unchanged 
[info] 
[info] i  Detected a .git folder at /home/user/FINGEN-AI 
[info] i  Authorizing with GitHub to upload your service account to a GitHub repository's secrets store. 
[info] 
[info] Visit this URL on this device to log in:
[info] https://github.com/login/oauth/authorize?client_id=89cf50f02ac6aaed3484&state=679895559&redirect_uri=http%3A%2F%2Flocalhost%3A9005&scope=read%3Auser%20repo%20public_repo
[info] 
[info] Waiting for authentication...
